<?xml version="1.0" encoding="UTF-8"?>
<testsuite xmlns:xsi="http://www.w3.org/2001/XMLSchema-instance" xsi:noNamespaceSchemaLocation="https://maven.apache.org/surefire/maven-surefire-plugin/xsd/surefire-test-report-3.0.xsd" version="3.0" name="com.trustXchange.AppTest" time="0.023" tests="1" errors="0" skipped="0" failures="0">
  <properties>
    <property name="java.specification.version" value="23"/>
    <property name="sun.jnu.encoding" value="UTF-8"/>
    <property name="java.class.path" value="/Users/softmark/Desktop/ripple/TrustXchange/backend/target/test-classes:/Users/softmark/Desktop/ripple/TrustXchange/backend/target/classes:/Users/softmark/.m2/repository/org/web3j/core/4.8.7/core-4.8.7.jar:/Users/softmark/.m2/repository/org/web3j/abi/4.8.7/abi-4.8.7.jar:/Users/softmark/.m2/repository/org/web3j/utils/4.8.7/utils-4.8.7.jar:/Users/softmark/.m2/repository/org/bouncycastle/bcprov-jdk15on/1.68/bcprov-jdk15on-1.68.jar:/Users/softmark/.m2/repository/org/web3j/crypto/4.8.7/crypto-4.8.7.jar:/Users/softmark/.m2/repository/org/web3j/rlp/4.8.7/rlp-4.8.7.jar:/Users/softmark/.m2/repository/org/web3j/tuples/4.8.7/tuples-4.8.7.jar:/Users/softmark/.m2/repository/com/github/jnr/jnr-unixsocket/0.21/jnr-unixsocket-0.21.jar:/Users/softmark/.m2/repository/com/github/jnr/jnr-ffi/2.1.9/jnr-ffi-2.1.9.jar:/Users/softmark/.m2/repository/com/github/jnr/jffi/1.2.17/jffi-1.2.17.jar:/Users/softmark/.m2/repository/com/github/jnr/jffi/1.2.16/jffi-1.2.16-native.jar:/Users/softmark/.m2/repository/org/ow2/asm/asm/5.0.3/asm-5.0.3.jar:/Users/softmark/.m2/repository/org/ow2/asm/asm-commons/5.0.3/asm-commons-5.0.3.jar:/Users/softmark/.m2/repository/org/ow2/asm/asm-analysis/5.0.3/asm-analysis-5.0.3.jar:/Users/softmark/.m2/repository/org/ow2/asm/asm-tree/5.0.3/asm-tree-5.0.3.jar:/Users/softmark/.m2/repository/org/ow2/asm/asm-util/5.0.3/asm-util-5.0.3.jar:/Users/softmark/.m2/repository/com/github/jnr/jnr-a64asm/1.0.0/jnr-a64asm-1.0.0.jar:/Users/softmark/.m2/repository/com/github/jnr/jnr-x86asm/1.0.2/jnr-x86asm-1.0.2.jar:/Users/softmark/.m2/repository/com/github/jnr/jnr-constants/0.9.11/jnr-constants-0.9.11.jar:/Users/softmark/.m2/repository/com/github/jnr/jnr-enxio/0.19/jnr-enxio-0.19.jar:/Users/softmark/.m2/repository/com/github/jnr/jnr-posix/3.0.47/jnr-posix-3.0.47.jar:/Users/softmark/.m2/repository/com/squareup/okhttp3/okhttp/4.9.3/okhttp-4.9.3.jar:/Users/softmark/.m2/repository/com/squareup/okio/okio/2.8.0/okio-2.8.0.jar:/Users/softmark/.m2/repository/org/jetbrains/kotlin/kotlin-stdlib-common/1.4.0/kotlin-stdlib-common-1.4.0.jar:/Users/softmark/.m2/repository/org/jetbrains/kotlin/kotlin-stdlib/1.4.10/kotlin-stdlib-1.4.10.jar:/Users/softmark/.m2/repository/org/jetbrains/annotations/13.0/annotations-13.0.jar:/Users/softmark/.m2/repository/com/squareup/okhttp3/logging-interceptor/4.9.0/logging-interceptor-4.9.0.jar:/Users/softmark/.m2/repository/org/jetbrains/kotlin/kotlin-stdlib-jdk8/1.4.10/kotlin-stdlib-jdk8-1.4.10.jar:/Users/softmark/.m2/repository/org/jetbrains/kotlin/kotlin-stdlib-jdk7/1.4.10/kotlin-stdlib-jdk7-1.4.10.jar:/Users/softmark/.m2/repository/io/reactivex/rxjava2/rxjava/2.2.2/rxjava-2.2.2.jar:/Users/softmark/.m2/repository/org/reactivestreams/reactive-streams/1.0.2/reactive-streams-1.0.2.jar:/Users/softmark/.m2/repository/org/java-websocket/Java-WebSocket/1.3.8/Java-WebSocket-1.3.8.jar:/Users/softmark/.m2/repository/com/fasterxml/jackson/core/jackson-databind/2.14.2/jackson-databind-2.14.2.jar:/Users/softmark/.m2/repository/org/slf4j/slf4j-api/1.7.36/slf4j-api-1.7.36.jar:/Users/softmark/.m2/repository/org/xrpl/xrpl4j-core/3.0.1/xrpl4j-core-3.0.1.jar:/Users/softmark/.m2/repository/com/google/guava/guava/31.1-jre/guava-31.1-jre.jar:/Users/softmark/.m2/repository/com/google/guava/failureaccess/1.0.1/failureaccess-1.0.1.jar:/Users/softmark/.m2/repository/com/google/guava/listenablefuture/9999.0-empty-to-avoid-conflict-with-guava/listenablefuture-9999.0-empty-to-avoid-conflict-with-guava.jar:/Users/softmark/.m2/repository/com/google/code/findbugs/jsr305/3.0.2/jsr305-3.0.2.jar:/Users/softmark/.m2/repository/org/checkerframework/checker-qual/3.12.0/checker-qual-3.12.0.jar:/Users/softmark/.m2/repository/com/google/errorprone/error_prone_annotations/2.11.0/error_prone_annotations-2.11.0.jar:/Users/softmark/.m2/repository/com/google/j2objc/j2objc-annotations/1.3/j2objc-annotations-1.3.jar:/Users/softmark/.m2/repository/com/fasterxml/jackson/core/jackson-annotations/2.14.2/jackson-annotations-2.14.2.jar:/Users/softmark/.m2/repository/com/fasterxml/jackson/core/jackson-core/2.14.2/jackson-core-2.14.2.jar:/Users/softmark/.m2/repository/com/fasterxml/jackson/datatype/jackson-datatype-guava/2.14.2/jackson-datatype-guava-2.14.2.jar:/Users/softmark/.m2/repository/com/fasterxml/jackson/datatype/jackson-datatype-jdk8/2.14.2/jackson-datatype-jdk8-2.14.2.jar:/Users/softmark/.m2/repository/com/fasterxml/jackson/datatype/jackson-datatype-jsr310/2.14.2/jackson-datatype-jsr310-2.14.2.jar:/Users/softmark/.m2/repository/com/ripple/cryptoconditions/crypto-conditions/1.0.4/crypto-conditions-1.0.4.jar:/Users/softmark/.m2/repository/net/i2p/crypto/eddsa/0.3.0/eddsa-0.3.0.jar:/Users/softmark/.m2/repository/com/ripple/cryptoconditions/jackson-datatype-cryptoconditions/1.0.4/jackson-datatype-cryptoconditions-1.0.4.jar:/Users/softmark/.m2/repository/org/bouncycastle/bcprov-jdk18on/1.72/bcprov-jdk18on-1.72.jar:/Users/softmark/.m2/repository/com/github/ben-manes/caffeine/caffeine/2.8.8/caffeine-2.8.8.jar:/Users/softmark/.m2/repository/org/xrpl/xrpl4j-client/3.0.1/xrpl4j-client-3.0.1.jar:/Users/softmark/.m2/repository/io/github/openfeign/feign-core/11.10/feign-core-11.10.jar:/Users/softmark/.m2/repository/io/github/openfeign/feign-jackson/11.10/feign-jackson-11.10.jar:/Users/softmark/.m2/repository/ch/qos/logback/logback-classic/1.2.11/logback-classic-1.2.11.jar:/Users/softmark/.m2/repository/ch/qos/logback/logback-core/1.2.11/logback-core-1.2.11.jar:/Users/softmark/.m2/repository/junit/junit/3.8.1/junit-3.8.1.jar:/Users/softmark/.m2/repository/org/projectlombok/lombok/1.18.24/lombok-1.18.24.jar:"/>
    <property name="java.vm.vendor" value="Homebrew"/>
    <property name="sun.arch.data.model" value="64"/>
    <property name="java.vendor.url" value="https://github.com/Homebrew/homebrew-core/issues"/>
    <property name="os.name" value="Mac OS X"/>
    <property name="java.vm.specification.version" value="23"/>
    <property name="sun.java.launcher" value="SUN_STANDARD"/>
    <property name="user.country" value="CN"/>
    <property name="sun.boot.library.path" value="/opt/homebrew/Cellar/openjdk/23.0.1/libexec/openjdk.jdk/Contents/Home/lib"/>
    <property name="sun.java.command" value="/Users/softmark/Desktop/ripple/TrustXchange/backend/target/surefire/surefirebooter-20250101203643082_3.jar /Users/softmark/Desktop/ripple/TrustXchange/backend/target/surefire 2025-01-01T20-36-43_044-jvmRun1 surefire-20250101203643082_1tmp surefire_0-20250101203643082_2tmp"/>
    <property name="http.nonProxyHosts" value="off|*.off|local|*.local|169.254/16|*.169.254/16|10.0/8|*.10.0/8|172.16/12|*.172.16/12|192.168/16|*.192.168/16"/>
    <property name="jdk.debug" value="release"/>
    <property name="surefire.test.class.path" value="/Users/softmark/Desktop/ripple/TrustXchange/backend/target/test-classes:/Users/softmark/Desktop/ripple/TrustXchange/backend/target/classes:/Users/softmark/.m2/repository/org/web3j/core/4.8.7/core-4.8.7.jar:/Users/softmark/.m2/repository/org/web3j/abi/4.8.7/abi-4.8.7.jar:/Users/softmark/.m2/repository/org/web3j/utils/4.8.7/utils-4.8.7.jar:/Users/softmark/.m2/repository/org/bouncycastle/bcprov-jdk15on/1.68/bcprov-jdk15on-1.68.jar:/Users/softmark/.m2/repository/org/web3j/crypto/4.8.7/crypto-4.8.7.jar:/Users/softmark/.m2/repository/org/web3j/rlp/4.8.7/rlp-4.8.7.jar:/Users/softmark/.m2/repository/org/web3j/tuples/4.8.7/tuples-4.8.7.jar:/Users/softmark/.m2/repository/com/github/jnr/jnr-unixsocket/0.21/jnr-unixsocket-0.21.jar:/Users/softmark/.m2/repository/com/github/jnr/jnr-ffi/2.1.9/jnr-ffi-2.1.9.jar:/Users/softmark/.m2/repository/com/github/jnr/jffi/1.2.17/jffi-1.2.17.jar:/Users/softmark/.m2/repository/com/github/jnr/jffi/1.2.16/jffi-1.2.16-native.jar:/Users/softmark/.m2/repository/org/ow2/asm/asm/5.0.3/asm-5.0.3.jar:/Users/softmark/.m2/repository/org/ow2/asm/asm-commons/5.0.3/asm-commons-5.0.3.jar:/Users/softmark/.m2/repository/org/ow2/asm/asm-analysis/5.0.3/asm-analysis-5.0.3.jar:/Users/softmark/.m2/repository/org/ow2/asm/asm-tree/5.0.3/asm-tree-5.0.3.jar:/Users/softmark/.m2/repository/org/ow2/asm/asm-util/5.0.3/asm-util-5.0.3.jar:/Users/softmark/.m2/repository/com/github/jnr/jnr-a64asm/1.0.0/jnr-a64asm-1.0.0.jar:/Users/softmark/.m2/repository/com/github/jnr/jnr-x86asm/1.0.2/jnr-x86asm-1.0.2.jar:/Users/softmark/.m2/repository/com/github/jnr/jnr-constants/0.9.11/jnr-constants-0.9.11.jar:/Users/softmark/.m2/repository/com/github/jnr/jnr-enxio/0.19/jnr-enxio-0.19.jar:/Users/softmark/.m2/repository/com/github/jnr/jnr-posix/3.0.47/jnr-posix-3.0.47.jar:/Users/softmark/.m2/repository/com/squareup/okhttp3/okhttp/4.9.3/okhttp-4.9.3.jar:/Users/softmark/.m2/repository/com/squareup/okio/okio/2.8.0/okio-2.8.0.jar:/Users/softmark/.m2/repository/org/jetbrains/kotlin/kotlin-stdlib-common/1.4.0/kotlin-stdlib-common-1.4.0.jar:/Users/softmark/.m2/repository/org/jetbrains/kotlin/kotlin-stdlib/1.4.10/kotlin-stdlib-1.4.10.jar:/Users/softmark/.m2/repository/org/jetbrains/annotations/13.0/annotations-13.0.jar:/Users/softmark/.m2/repository/com/squareup/okhttp3/logging-interceptor/4.9.0/logging-interceptor-4.9.0.jar:/Users/softmark/.m2/repository/org/jetbrains/kotlin/kotlin-stdlib-jdk8/1.4.10/kotlin-stdlib-jdk8-1.4.10.jar:/Users/softmark/.m2/repository/org/jetbrains/kotlin/kotlin-stdlib-jdk7/1.4.10/kotlin-stdlib-jdk7-1.4.10.jar:/Users/softmark/.m2/repository/io/reactivex/rxjava2/rxjava/2.2.2/rxjava-2.2.2.jar:/Users/softmark/.m2/repository/org/reactivestreams/reactive-streams/1.0.2/reactive-streams-1.0.2.jar:/Users/softmark/.m2/repository/org/java-websocket/Java-WebSocket/1.3.8/Java-WebSocket-1.3.8.jar:/Users/softmark/.m2/repository/com/fasterxml/jackson/core/jackson-databind/2.14.2/jackson-databind-2.14.2.jar:/Users/softmark/.m2/repository/org/slf4j/slf4j-api/1.7.36/slf4j-api-1.7.36.jar:/Users/softmark/.m2/repository/org/xrpl/xrpl4j-core/3.0.1/xrpl4j-core-3.0.1.jar:/Users/softmark/.m2/repository/com/google/guava/guava/31.1-jre/guava-31.1-jre.jar:/Users/softmark/.m2/repository/com/google/guava/failureaccess/1.0.1/failureaccess-1.0.1.jar:/Users/softmark/.m2/repository/com/google/guava/listenablefuture/9999.0-empty-to-avoid-conflict-with-guava/listenablefuture-9999.0-empty-to-avoid-conflict-with-guava.jar:/Users/softmark/.m2/repository/com/google/code/findbugs/jsr305/3.0.2/jsr305-3.0.2.jar:/Users/softmark/.m2/repository/org/checkerframework/checker-qual/3.12.0/checker-qual-3.12.0.jar:/Users/softmark/.m2/repository/com/google/errorprone/error_prone_annotations/2.11.0/error_prone_annotations-2.11.0.jar:/Users/softmark/.m2/repository/com/google/j2objc/j2objc-annotations/1.3/j2objc-annotations-1.3.jar:/Users/softmark/.m2/repository/com/fasterxml/jackson/core/jackson-annotations/2.14.2/jackson-annotations-2.14.2.jar:/Users/softmark/.m2/repository/com/fasterxml/jackson/core/jackson-core/2.14.2/jackson-core-2.14.2.jar:/Users/softmark/.m2/repository/com/fasterxml/jackson/datatype/jackson-datatype-guava/2.14.2/jackson-datatype-guava-2.14.2.jar:/Users/softmark/.m2/repository/com/fasterxml/jackson/datatype/jackson-datatype-jdk8/2.14.2/jackson-datatype-jdk8-2.14.2.jar:/Users/softmark/.m2/repository/com/fasterxml/jackson/datatype/jackson-datatype-jsr310/2.14.2/jackson-datatype-jsr310-2.14.2.jar:/Users/softmark/.m2/repository/com/ripple/cryptoconditions/crypto-conditions/1.0.4/crypto-conditions-1.0.4.jar:/Users/softmark/.m2/repository/net/i2p/crypto/eddsa/0.3.0/eddsa-0.3.0.jar:/Users/softmark/.m2/repository/com/ripple/cryptoconditions/jackson-datatype-cryptoconditions/1.0.4/jackson-datatype-cryptoconditions-1.0.4.jar:/Users/softmark/.m2/repository/org/bouncycastle/bcprov-jdk18on/1.72/bcprov-jdk18on-1.72.jar:/Users/softmark/.m2/repository/com/github/ben-manes/caffeine/caffeine/2.8.8/caffeine-2.8.8.jar:/Users/softmark/.m2/repository/org/xrpl/xrpl4j-client/3.0.1/xrpl4j-client-3.0.1.jar:/Users/softmark/.m2/repository/io/github/openfeign/feign-core/11.10/feign-core-11.10.jar:/Users/softmark/.m2/repository/io/github/openfeign/feign-jackson/11.10/feign-jackson-11.10.jar:/Users/softmark/.m2/repository/ch/qos/logback/logback-classic/1.2.11/logback-classic-1.2.11.jar:/Users/softmark/.m2/repository/ch/qos/logback/logback-core/1.2.11/logback-core-1.2.11.jar:/Users/softmark/.m2/repository/junit/junit/3.8.1/junit-3.8.1.jar:/Users/softmark/.m2/repository/org/projectlombok/lombok/1.18.24/lombok-1.18.24.jar:"/>
    <property name="sun.cpu.endian" value="little"/>
    <property name="user.home" value="/Users/softmark"/>
    <property name="user.language" value="en"/>
    <property name="java.specification.vendor" value="Oracle Corporation"/>
    <property name="java.version.date" value="2024-10-15"/>
    <property name="java.home" value="/opt/homebrew/Cellar/openjdk/23.0.1/libexec/openjdk.jdk/Contents/Home"/>
    <property name="file.separator" value="/"/>
    <property name="basedir" value="/Users/softmark/Desktop/ripple/TrustXchange/backend"/>
    <property name="java.vm.compressedOopsMode" value="Zero based"/>
    <property name="line.separator" value="&#10;"/>
    <property name="java.vm.specification.vendor" value="Oracle Corporation"/>
    <property name="java.specification.name" value="Java Platform API Specification"/>
    <property name="apple.awt.application.name" value="ForkedBooter"/>
    <property name="surefire.real.class.path" value="/Users/softmark/Desktop/ripple/TrustXchange/backend/target/surefire/surefirebooter-20250101203643082_3.jar"/>
    <property name="sun.management.compiler" value="HotSpot 64-Bit Tiered Compilers"/>
    <property name="ftp.nonProxyHosts" value="off|*.off|local|*.local|169.254/16|*.169.254/16|10.0/8|*.10.0/8|172.16/12|*.172.16/12|192.168/16|*.192.168/16"/>
    <property name="java.runtime.version" value="23.0.1"/>
    <property name="user.name" value="softmark"/>
    <property name="stdout.encoding" value="UTF-8"/>
    <property name="path.separator" value=":"/>
    <property name="os.version" value="15.1"/>
    <property name="java.runtime.name" value="OpenJDK Runtime Environment"/>
    <property name="file.encoding" value="UTF-8"/>
    <property name="java.vm.name" value="OpenJDK 64-Bit Server VM"/>
    <property name="java.vendor.version" value="Homebrew"/>
    <property name="localRepository" value="/Users/softmark/.m2/repository"/>
    <property name="java.vendor.url.bug" value="https://github.com/Homebrew/homebrew-core/issues"/>
    <property name="java.io.tmpdir" value="/var/folders/mg/3n7rjswx267cl03xvdt8hdzc0000gp/T/"/>
    <property name="java.version" value="23.0.1"/>
    <property name="user.dir" value="/Users/softmark/Desktop/ripple/TrustXchange/backend"/>
    <property name="os.arch" value="aarch64"/>
    <property name="java.vm.specification.name" value="Java Virtual Machine Specification"/>
    <property name="native.encoding" value="UTF-8"/>
    <property name="java.library.path" value="/Users/softmark/Library/Java/Extensions:/Library/Java/Extensions:/Network/Library/Java/Extensions:/System/Library/Java/Extensions:/usr/lib/java:."/>
    <property name="java.vm.info" value="mixed mode, sharing"/>
    <property name="stderr.encoding" value="UTF-8"/>
    <property name="java.vendor" value="Homebrew"/>
    <property name="java.vm.version" value="23.0.1"/>
    <property name="sun.io.unicode.encoding" value="UnicodeBig"/>
    <property name="socksNonProxyHosts" value="off|*.off|local|*.local|169.254/16|*.169.254/16|10.0/8|*.10.0/8|172.16/12|*.172.16/12|192.168/16|*.192.168/16"/>
    <property name="java.class.version" value="67.0"/>
  </properties>
  <testcase name="testApp" classname="com.trustXchange.AppTest" time="0.001"/>
</testsuite>