<?xml version="1.0" encoding="UTF-8"?>
<testsuite xmlns:xsi="http://www.w3.org/2001/XMLSchema-instance" xsi:noNamespaceSchemaLocation="https://maven.apache.org/surefire/maven-surefire-plugin/xsd/surefire-test-report-3.0.xsd" version="3.0" name="com.trustXchange.AppTest" time="0.007" tests="1" errors="0" skipped="0" failures="0">
  <properties>
    <property name="gopherProxySet" value="false"/>
    <property name="awt.toolkit" value="sun.lwawt.macosx.LWCToolkit"/>
    <property name="java.specification.version" value="11"/>
    <property name="sun.cpu.isalist" value=""/>
    <property name="sun.jnu.encoding" value="UTF-8"/>
    <property name="java.class.path" value="/Users/softmark/Desktop/ripple/TrustXchange/backend/target/test-classes:/Users/softmark/Desktop/ripple/TrustXchange/backend/target/classes:/Users/softmark/.m2/repository/org/web3j/core/4.8.7/core-4.8.7.jar:/Users/softmark/.m2/repository/org/web3j/abi/4.8.7/abi-4.8.7.jar:/Users/softmark/.m2/repository/org/web3j/utils/4.8.7/utils-4.8.7.jar:/Users/softmark/.m2/repository/org/bouncycastle/bcprov-jdk15on/1.68/bcprov-jdk15on-1.68.jar:/Users/softmark/.m2/repository/org/web3j/crypto/4.8.7/crypto-4.8.7.jar:/Users/softmark/.m2/repository/org/web3j/rlp/4.8.7/rlp-4.8.7.jar:/Users/softmark/.m2/repository/org/web3j/tuples/4.8.7/tuples-4.8.7.jar:/Users/softmark/.m2/repository/com/github/jnr/jnr-unixsocket/0.21/jnr-unixsocket-0.21.jar:/Users/softmark/.m2/repository/com/github/jnr/jnr-ffi/2.1.9/jnr-ffi-2.1.9.jar:/Users/softmark/.m2/repository/com/github/jnr/jffi/1.2.17/jffi-1.2.17.jar:/Users/softmark/.m2/repository/com/github/jnr/jffi/1.2.16/jffi-1.2.16-native.jar:/Users/softmark/.m2/repository/org/ow2/asm/asm/5.0.3/asm-5.0.3.jar:/Users/softmark/.m2/repository/org/ow2/asm/asm-commons/5.0.3/asm-commons-5.0.3.jar:/Users/softmark/.m2/repository/org/ow2/asm/asm-analysis/5.0.3/asm-analysis-5.0.3.jar:/Users/softmark/.m2/repository/org/ow2/asm/asm-tree/5.0.3/asm-tree-5.0.3.jar:/Users/softmark/.m2/repository/org/ow2/asm/asm-util/5.0.3/asm-util-5.0.3.jar:/Users/softmark/.m2/repository/com/github/jnr/jnr-a64asm/1.0.0/jnr-a64asm-1.0.0.jar:/Users/softmark/.m2/repository/com/github/jnr/jnr-x86asm/1.0.2/jnr-x86asm-1.0.2.jar:/Users/softmark/.m2/repository/com/github/jnr/jnr-constants/0.9.11/jnr-constants-0.9.11.jar:/Users/softmark/.m2/repository/com/github/jnr/jnr-enxio/0.19/jnr-enxio-0.19.jar:/Users/softmark/.m2/repository/com/github/jnr/jnr-posix/3.0.47/jnr-posix-3.0.47.jar:/Users/softmark/.m2/repository/com/squareup/okhttp3/okhttp/4.9.3/okhttp-4.9.3.jar:/Users/softmark/.m2/repository/com/squareup/okio/okio/2.8.0/okio-2.8.0.jar:/Users/softmark/.m2/repository/org/jetbrains/kotlin/kotlin-stdlib-common/1.6.21/kotlin-stdlib-common-1.6.21.jar:/Users/softmark/.m2/repository/org/jetbrains/kotlin/kotlin-stdlib/1.6.21/kotlin-stdlib-1.6.21.jar:/Users/softmark/.m2/repository/org/jetbrains/annotations/13.0/annotations-13.0.jar:/Users/softmark/.m2/repository/com/squareup/okhttp3/logging-interceptor/4.9.3/logging-interceptor-4.9.3.jar:/Users/softmark/.m2/repository/org/jetbrains/kotlin/kotlin-stdlib-jdk8/1.6.21/kotlin-stdlib-jdk8-1.6.21.jar:/Users/softmark/.m2/repository/org/jetbrains/kotlin/kotlin-stdlib-jdk7/1.6.21/kotlin-stdlib-jdk7-1.6.21.jar:/Users/softmark/.m2/repository/io/reactivex/rxjava2/rxjava/2.2.21/rxjava-2.2.21.jar:/Users/softmark/.m2/repository/org/reactivestreams/reactive-streams/1.0.4/reactive-streams-1.0.4.jar:/Users/softmark/.m2/repository/org/java-websocket/Java-WebSocket/1.3.8/Java-WebSocket-1.3.8.jar:/Users/softmark/.m2/repository/org/slf4j/slf4j-api/1.7.36/slf4j-api-1.7.36.jar:/Users/softmark/.m2/repository/org/xrpl/xrpl4j-core/3.0.1/xrpl4j-core-3.0.1.jar:/Users/softmark/.m2/repository/com/google/guava/guava/31.1-jre/guava-31.1-jre.jar:/Users/softmark/.m2/repository/com/google/guava/failureaccess/1.0.1/failureaccess-1.0.1.jar:/Users/softmark/.m2/repository/com/google/guava/listenablefuture/9999.0-empty-to-avoid-conflict-with-guava/listenablefuture-9999.0-empty-to-avoid-conflict-with-guava.jar:/Users/softmark/.m2/repository/com/google/code/findbugs/jsr305/3.0.2/jsr305-3.0.2.jar:/Users/softmark/.m2/repository/com/google/errorprone/error_prone_annotations/2.11.0/error_prone_annotations-2.11.0.jar:/Users/softmark/.m2/repository/com/google/j2objc/j2objc-annotations/1.3/j2objc-annotations-1.3.jar:/Users/softmark/.m2/repository/com/fasterxml/jackson/core/jackson-annotations/2.14.2/jackson-annotations-2.14.2.jar:/Users/softmark/.m2/repository/com/fasterxml/jackson/core/jackson-core/2.14.2/jackson-core-2.14.2.jar:/Users/softmark/.m2/repository/com/fasterxml/jackson/datatype/jackson-datatype-guava/2.14.2/jackson-datatype-guava-2.14.2.jar:/Users/softmark/.m2/repository/com/fasterxml/jackson/datatype/jackson-datatype-jdk8/2.14.2/jackson-datatype-jdk8-2.14.2.jar:/Users/softmark/.m2/repository/com/fasterxml/jackson/datatype/jackson-datatype-jsr310/2.14.2/jackson-datatype-jsr310-2.14.2.jar:/Users/softmark/.m2/repository/com/ripple/cryptoconditions/crypto-conditions/1.0.4/crypto-conditions-1.0.4.jar:/Users/softmark/.m2/repository/net/i2p/crypto/eddsa/0.3.0/eddsa-0.3.0.jar:/Users/softmark/.m2/repository/com/ripple/cryptoconditions/jackson-datatype-cryptoconditions/1.0.4/jackson-datatype-cryptoconditions-1.0.4.jar:/Users/softmark/.m2/repository/org/bouncycastle/bcprov-jdk18on/1.72/bcprov-jdk18on-1.72.jar:/Users/softmark/.m2/repository/com/github/ben-manes/caffeine/caffeine/2.8.8/caffeine-2.8.8.jar:/Users/softmark/.m2/repository/org/xrpl/xrpl4j-client/3.0.1/xrpl4j-client-3.0.1.jar:/Users/softmark/.m2/repository/io/github/openfeign/feign-core/11.10/feign-core-11.10.jar:/Users/softmark/.m2/repository/io/github/openfeign/feign-jackson/11.10/feign-jackson-11.10.jar:/Users/softmark/.m2/repository/junit/junit/3.8.1/junit-3.8.1.jar:/Users/softmark/.m2/repository/org/projectlombok/lombok/1.18.20/lombok-1.18.20.jar:/Users/softmark/.m2/repository/org/springframework/boot/spring-boot-starter-web/2.7.12/spring-boot-starter-web-2.7.12.jar:/Users/softmark/.m2/repository/org/springframework/boot/spring-boot-starter/2.7.12/spring-boot-starter-2.7.12.jar:/Users/softmark/.m2/repository/org/springframework/boot/spring-boot/2.7.12/spring-boot-2.7.12.jar:/Users/softmark/.m2/repository/org/springframework/boot/spring-boot-autoconfigure/2.7.12/spring-boot-autoconfigure-2.7.12.jar:/Users/softmark/.m2/repository/org/springframework/boot/spring-boot-starter-logging/2.7.12/spring-boot-starter-logging-2.7.12.jar:/Users/softmark/.m2/repository/ch/qos/logback/logback-classic/1.2.11/logback-classic-1.2.11.jar:/Users/softmark/.m2/repository/ch/qos/logback/logback-core/1.2.12/logback-core-1.2.12.jar:/Users/softmark/.m2/repository/org/apache/logging/log4j/log4j-to-slf4j/2.17.2/log4j-to-slf4j-2.17.2.jar:/Users/softmark/.m2/repository/jakarta/annotation/jakarta.annotation-api/1.3.5/jakarta.annotation-api-1.3.5.jar:/Users/softmark/.m2/repository/org/springframework/spring-core/5.3.27/spring-core-5.3.27.jar:/Users/softmark/.m2/repository/org/springframework/spring-jcl/5.3.27/spring-jcl-5.3.27.jar:/Users/softmark/.m2/repository/org/yaml/snakeyaml/1.30/snakeyaml-1.30.jar:/Users/softmark/.m2/repository/org/springframework/boot/spring-boot-starter-json/2.7.12/spring-boot-starter-json-2.7.12.jar:/Users/softmark/.m2/repository/com/fasterxml/jackson/module/jackson-module-parameter-names/2.13.5/jackson-module-parameter-names-2.13.5.jar:/Users/softmark/.m2/repository/org/springframework/boot/spring-boot-starter-tomcat/2.7.12/spring-boot-starter-tomcat-2.7.12.jar:/Users/softmark/.m2/repository/org/apache/tomcat/embed/tomcat-embed-core/9.0.75/tomcat-embed-core-9.0.75.jar:/Users/softmark/.m2/repository/org/apache/tomcat/embed/tomcat-embed-el/9.0.75/tomcat-embed-el-9.0.75.jar:/Users/softmark/.m2/repository/org/apache/tomcat/embed/tomcat-embed-websocket/9.0.75/tomcat-embed-websocket-9.0.75.jar:/Users/softmark/.m2/repository/org/springframework/spring-web/5.3.27/spring-web-5.3.27.jar:/Users/softmark/.m2/repository/org/springframework/spring-beans/5.3.27/spring-beans-5.3.27.jar:/Users/softmark/.m2/repository/org/springframework/spring-webmvc/5.3.27/spring-webmvc-5.3.27.jar:/Users/softmark/.m2/repository/org/springframework/spring-aop/5.3.27/spring-aop-5.3.27.jar:/Users/softmark/.m2/repository/org/springframework/spring-context/5.3.27/spring-context-5.3.27.jar:/Users/softmark/.m2/repository/org/springframework/spring-expression/5.3.27/spring-expression-5.3.27.jar:/Users/softmark/.m2/repository/org/springframework/boot/spring-boot-starter-data-jpa/2.7.12/spring-boot-starter-data-jpa-2.7.12.jar:/Users/softmark/.m2/repository/org/springframework/boot/spring-boot-starter-aop/2.7.12/spring-boot-starter-aop-2.7.12.jar:/Users/softmark/.m2/repository/org/aspectj/aspectjweaver/1.9.7/aspectjweaver-1.9.7.jar:/Users/softmark/.m2/repository/org/springframework/boot/spring-boot-starter-jdbc/2.7.12/spring-boot-starter-jdbc-2.7.12.jar:/Users/softmark/.m2/repository/com/zaxxer/HikariCP/4.0.3/HikariCP-4.0.3.jar:/Users/softmark/.m2/repository/org/springframework/spring-jdbc/5.3.27/spring-jdbc-5.3.27.jar:/Users/softmark/.m2/repository/jakarta/transaction/jakarta.transaction-api/1.3.3/jakarta.transaction-api-1.3.3.jar:/Users/softmark/.m2/repository/jakarta/persistence/jakarta.persistence-api/2.2.3/jakarta.persistence-api-2.2.3.jar:/Users/softmark/.m2/repository/org/hibernate/hibernate-core/5.6.15.Final/hibernate-core-5.6.15.Final.jar:/Users/softmark/.m2/repository/org/jboss/logging/jboss-logging/3.4.3.Final/jboss-logging-3.4.3.Final.jar:/Users/softmark/.m2/repository/net/bytebuddy/byte-buddy/1.12.23/byte-buddy-1.12.23.jar:/Users/softmark/.m2/repository/antlr/antlr/2.7.7/antlr-2.7.7.jar:/Users/softmark/.m2/repository/org/jboss/jandex/2.4.2.Final/jandex-2.4.2.Final.jar:/Users/softmark/.m2/repository/com/fasterxml/classmate/1.5.1/classmate-1.5.1.jar:/Users/softmark/.m2/repository/org/hibernate/common/hibernate-commons-annotations/5.1.2.Final/hibernate-commons-annotations-5.1.2.Final.jar:/Users/softmark/.m2/repository/org/glassfish/jaxb/jaxb-runtime/2.3.8/jaxb-runtime-2.3.8.jar:/Users/softmark/.m2/repository/jakarta/xml/bind/jakarta.xml.bind-api/2.3.3/jakarta.xml.bind-api-2.3.3.jar:/Users/softmark/.m2/repository/org/glassfish/jaxb/txw2/2.3.8/txw2-2.3.8.jar:/Users/softmark/.m2/repository/com/sun/istack/istack-commons-runtime/3.0.12/istack-commons-runtime-3.0.12.jar:/Users/softmark/.m2/repository/com/sun/activation/jakarta.activation/1.2.2/jakarta.activation-1.2.2.jar:/Users/softmark/.m2/repository/org/springframework/data/spring-data-jpa/2.7.12/spring-data-jpa-2.7.12.jar:/Users/softmark/.m2/repository/org/springframework/data/spring-data-commons/2.7.12/spring-data-commons-2.7.12.jar:/Users/softmark/.m2/repository/org/springframework/spring-orm/5.3.27/spring-orm-5.3.27.jar:/Users/softmark/.m2/repository/org/springframework/spring-tx/5.3.27/spring-tx-5.3.27.jar:/Users/softmark/.m2/repository/org/springframework/spring-aspects/5.3.27/spring-aspects-5.3.27.jar:/Users/softmark/.m2/repository/org/flywaydb/flyway-core/8.5.13/flyway-core-8.5.13.jar:/Users/softmark/.m2/repository/org/postgresql/postgresql/42.6.0/postgresql-42.6.0.jar:/Users/softmark/.m2/repository/org/checkerframework/checker-qual/3.31.0/checker-qual-3.31.0.jar:/Users/softmark/.m2/repository/org/springframework/boot/spring-boot-starter-websocket/2.7.12/spring-boot-starter-websocket-2.7.12.jar:/Users/softmark/.m2/repository/org/springframework/spring-messaging/5.3.27/spring-messaging-5.3.27.jar:/Users/softmark/.m2/repository/org/springframework/spring-websocket/5.3.27/spring-websocket-5.3.27.jar:/Users/softmark/.m2/repository/com/fasterxml/jackson/core/jackson-databind/2.15.3/jackson-databind-2.15.3.jar:/Users/softmark/.m2/repository/org/springframework/boot/spring-boot-starter-log4j2/2.7.12/spring-boot-starter-log4j2-2.7.12.jar:/Users/softmark/.m2/repository/org/apache/logging/log4j/log4j-core/2.17.2/log4j-core-2.17.2.jar:/Users/softmark/.m2/repository/org/apache/logging/log4j/log4j-jul/2.17.2/log4j-jul-2.17.2.jar:/Users/softmark/.m2/repository/org/slf4j/jul-to-slf4j/1.7.36/jul-to-slf4j-1.7.36.jar:/Users/softmark/.m2/repository/org/apache/logging/log4j/log4j-slf4j-impl/2.17.2/log4j-slf4j-impl-2.17.2.jar:/Users/softmark/.m2/repository/org/apache/logging/log4j/log4j-api/2.17.2/log4j-api-2.17.2.jar:"/>
    <property name="java.vm.vendor" value="Azul Systems, Inc."/>
    <property name="sun.arch.data.model" value="64"/>
    <property name="java.vendor.url" value="http://www.azul.com/"/>
    <property name="user.timezone" value=""/>
    <property name="java.vm.specification.version" value="11"/>
    <property name="os.name" value="Mac OS X"/>
    <property name="sun.java.launcher" value="SUN_STANDARD"/>
    <property name="user.country" value="CN"/>
    <property name="sun.boot.library.path" value="/Library/Java/JavaVirtualMachines/zulu-11.jdk/Contents/Home/lib"/>
    <property name="sun.java.command" value="/Users/softmark/Desktop/ripple/TrustXchange/backend/target/surefire/surefirebooter-20250102034232019_3.jar /Users/softmark/Desktop/ripple/TrustXchange/backend/target/surefire 2025-01-02T03-42-31_984-jvmRun1 surefire-20250102034232019_1tmp surefire_0-20250102034232019_2tmp"/>
    <property name="http.nonProxyHosts" value="off|*.off|local|*.local|169.254/16|*.169.254/16|10.0/8|*.10.0/8|172.16/12|*.172.16/12|192.168/16|*.192.168/16"/>
    <property name="jdk.debug" value="release"/>
    <property name="surefire.test.class.path" value="/Users/softmark/Desktop/ripple/TrustXchange/backend/target/test-classes:/Users/softmark/Desktop/ripple/TrustXchange/backend/target/classes:/Users/softmark/.m2/repository/org/web3j/core/4.8.7/core-4.8.7.jar:/Users/softmark/.m2/repository/org/web3j/abi/4.8.7/abi-4.8.7.jar:/Users/softmark/.m2/repository/org/web3j/utils/4.8.7/utils-4.8.7.jar:/Users/softmark/.m2/repository/org/bouncycastle/bcprov-jdk15on/1.68/bcprov-jdk15on-1.68.jar:/Users/softmark/.m2/repository/org/web3j/crypto/4.8.7/crypto-4.8.7.jar:/Users/softmark/.m2/repository/org/web3j/rlp/4.8.7/rlp-4.8.7.jar:/Users/softmark/.m2/repository/org/web3j/tuples/4.8.7/tuples-4.8.7.jar:/Users/softmark/.m2/repository/com/github/jnr/jnr-unixsocket/0.21/jnr-unixsocket-0.21.jar:/Users/softmark/.m2/repository/com/github/jnr/jnr-ffi/2.1.9/jnr-ffi-2.1.9.jar:/Users/softmark/.m2/repository/com/github/jnr/jffi/1.2.17/jffi-1.2.17.jar:/Users/softmark/.m2/repository/com/github/jnr/jffi/1.2.16/jffi-1.2.16-native.jar:/Users/softmark/.m2/repository/org/ow2/asm/asm/5.0.3/asm-5.0.3.jar:/Users/softmark/.m2/repository/org/ow2/asm/asm-commons/5.0.3/asm-commons-5.0.3.jar:/Users/softmark/.m2/repository/org/ow2/asm/asm-analysis/5.0.3/asm-analysis-5.0.3.jar:/Users/softmark/.m2/repository/org/ow2/asm/asm-tree/5.0.3/asm-tree-5.0.3.jar:/Users/softmark/.m2/repository/org/ow2/asm/asm-util/5.0.3/asm-util-5.0.3.jar:/Users/softmark/.m2/repository/com/github/jnr/jnr-a64asm/1.0.0/jnr-a64asm-1.0.0.jar:/Users/softmark/.m2/repository/com/github/jnr/jnr-x86asm/1.0.2/jnr-x86asm-1.0.2.jar:/Users/softmark/.m2/repository/com/github/jnr/jnr-constants/0.9.11/jnr-constants-0.9.11.jar:/Users/softmark/.m2/repository/com/github/jnr/jnr-enxio/0.19/jnr-enxio-0.19.jar:/Users/softmark/.m2/repository/com/github/jnr/jnr-posix/3.0.47/jnr-posix-3.0.47.jar:/Users/softmark/.m2/repository/com/squareup/okhttp3/okhttp/4.9.3/okhttp-4.9.3.jar:/Users/softmark/.m2/repository/com/squareup/okio/okio/2.8.0/okio-2.8.0.jar:/Users/softmark/.m2/repository/org/jetbrains/kotlin/kotlin-stdlib-common/1.6.21/kotlin-stdlib-common-1.6.21.jar:/Users/softmark/.m2/repository/org/jetbrains/kotlin/kotlin-stdlib/1.6.21/kotlin-stdlib-1.6.21.jar:/Users/softmark/.m2/repository/org/jetbrains/annotations/13.0/annotations-13.0.jar:/Users/softmark/.m2/repository/com/squareup/okhttp3/logging-interceptor/4.9.3/logging-interceptor-4.9.3.jar:/Users/softmark/.m2/repository/org/jetbrains/kotlin/kotlin-stdlib-jdk8/1.6.21/kotlin-stdlib-jdk8-1.6.21.jar:/Users/softmark/.m2/repository/org/jetbrains/kotlin/kotlin-stdlib-jdk7/1.6.21/kotlin-stdlib-jdk7-1.6.21.jar:/Users/softmark/.m2/repository/io/reactivex/rxjava2/rxjava/2.2.21/rxjava-2.2.21.jar:/Users/softmark/.m2/repository/org/reactivestreams/reactive-streams/1.0.4/reactive-streams-1.0.4.jar:/Users/softmark/.m2/repository/org/java-websocket/Java-WebSocket/1.3.8/Java-WebSocket-1.3.8.jar:/Users/softmark/.m2/repository/org/slf4j/slf4j-api/1.7.36/slf4j-api-1.7.36.jar:/Users/softmark/.m2/repository/org/xrpl/xrpl4j-core/3.0.1/xrpl4j-core-3.0.1.jar:/Users/softmark/.m2/repository/com/google/guava/guava/31.1-jre/guava-31.1-jre.jar:/Users/softmark/.m2/repository/com/google/guava/failureaccess/1.0.1/failureaccess-1.0.1.jar:/Users/softmark/.m2/repository/com/google/guava/listenablefuture/9999.0-empty-to-avoid-conflict-with-guava/listenablefuture-9999.0-empty-to-avoid-conflict-with-guava.jar:/Users/softmark/.m2/repository/com/google/code/findbugs/jsr305/3.0.2/jsr305-3.0.2.jar:/Users/softmark/.m2/repository/com/google/errorprone/error_prone_annotations/2.11.0/error_prone_annotations-2.11.0.jar:/Users/softmark/.m2/repository/com/google/j2objc/j2objc-annotations/1.3/j2objc-annotations-1.3.jar:/Users/softmark/.m2/repository/com/fasterxml/jackson/core/jackson-annotations/2.14.2/jackson-annotations-2.14.2.jar:/Users/softmark/.m2/repository/com/fasterxml/jackson/core/jackson-core/2.14.2/jackson-core-2.14.2.jar:/Users/softmark/.m2/repository/com/fasterxml/jackson/datatype/jackson-datatype-guava/2.14.2/jackson-datatype-guava-2.14.2.jar:/Users/softmark/.m2/repository/com/fasterxml/jackson/datatype/jackson-datatype-jdk8/2.14.2/jackson-datatype-jdk8-2.14.2.jar:/Users/softmark/.m2/repository/com/fasterxml/jackson/datatype/jackson-datatype-jsr310/2.14.2/jackson-datatype-jsr310-2.14.2.jar:/Users/softmark/.m2/repository/com/ripple/cryptoconditions/crypto-conditions/1.0.4/crypto-conditions-1.0.4.jar:/Users/softmark/.m2/repository/net/i2p/crypto/eddsa/0.3.0/eddsa-0.3.0.jar:/Users/softmark/.m2/repository/com/ripple/cryptoconditions/jackson-datatype-cryptoconditions/1.0.4/jackson-datatype-cryptoconditions-1.0.4.jar:/Users/softmark/.m2/repository/org/bouncycastle/bcprov-jdk18on/1.72/bcprov-jdk18on-1.72.jar:/Users/softmark/.m2/repository/com/github/ben-manes/caffeine/caffeine/2.8.8/caffeine-2.8.8.jar:/Users/softmark/.m2/repository/org/xrpl/xrpl4j-client/3.0.1/xrpl4j-client-3.0.1.jar:/Users/softmark/.m2/repository/io/github/openfeign/feign-core/11.10/feign-core-11.10.jar:/Users/softmark/.m2/repository/io/github/openfeign/feign-jackson/11.10/feign-jackson-11.10.jar:/Users/softmark/.m2/repository/junit/junit/3.8.1/junit-3.8.1.jar:/Users/softmark/.m2/repository/org/projectlombok/lombok/1.18.20/lombok-1.18.20.jar:/Users/softmark/.m2/repository/org/springframework/boot/spring-boot-starter-web/2.7.12/spring-boot-starter-web-2.7.12.jar:/Users/softmark/.m2/repository/org/springframework/boot/spring-boot-starter/2.7.12/spring-boot-starter-2.7.12.jar:/Users/softmark/.m2/repository/org/springframework/boot/spring-boot/2.7.12/spring-boot-2.7.12.jar:/Users/softmark/.m2/repository/org/springframework/boot/spring-boot-autoconfigure/2.7.12/spring-boot-autoconfigure-2.7.12.jar:/Users/softmark/.m2/repository/org/springframework/boot/spring-boot-starter-logging/2.7.12/spring-boot-starter-logging-2.7.12.jar:/Users/softmark/.m2/repository/ch/qos/logback/logback-classic/1.2.11/logback-classic-1.2.11.jar:/Users/softmark/.m2/repository/ch/qos/logback/logback-core/1.2.12/logback-core-1.2.12.jar:/Users/softmark/.m2/repository/org/apache/logging/log4j/log4j-to-slf4j/2.17.2/log4j-to-slf4j-2.17.2.jar:/Users/softmark/.m2/repository/jakarta/annotation/jakarta.annotation-api/1.3.5/jakarta.annotation-api-1.3.5.jar:/Users/softmark/.m2/repository/org/springframework/spring-core/5.3.27/spring-core-5.3.27.jar:/Users/softmark/.m2/repository/org/springframework/spring-jcl/5.3.27/spring-jcl-5.3.27.jar:/Users/softmark/.m2/repository/org/yaml/snakeyaml/1.30/snakeyaml-1.30.jar:/Users/softmark/.m2/repository/org/springframework/boot/spring-boot-starter-json/2.7.12/spring-boot-starter-json-2.7.12.jar:/Users/softmark/.m2/repository/com/fasterxml/jackson/module/jackson-module-parameter-names/2.13.5/jackson-module-parameter-names-2.13.5.jar:/Users/softmark/.m2/repository/org/springframework/boot/spring-boot-starter-tomcat/2.7.12/spring-boot-starter-tomcat-2.7.12.jar:/Users/softmark/.m2/repository/org/apache/tomcat/embed/tomcat-embed-core/9.0.75/tomcat-embed-core-9.0.75.jar:/Users/softmark/.m2/repository/org/apache/tomcat/embed/tomcat-embed-el/9.0.75/tomcat-embed-el-9.0.75.jar:/Users/softmark/.m2/repository/org/apache/tomcat/embed/tomcat-embed-websocket/9.0.75/tomcat-embed-websocket-9.0.75.jar:/Users/softmark/.m2/repository/org/springframework/spring-web/5.3.27/spring-web-5.3.27.jar:/Users/softmark/.m2/repository/org/springframework/spring-beans/5.3.27/spring-beans-5.3.27.jar:/Users/softmark/.m2/repository/org/springframework/spring-webmvc/5.3.27/spring-webmvc-5.3.27.jar:/Users/softmark/.m2/repository/org/springframework/spring-aop/5.3.27/spring-aop-5.3.27.jar:/Users/softmark/.m2/repository/org/springframework/spring-context/5.3.27/spring-context-5.3.27.jar:/Users/softmark/.m2/repository/org/springframework/spring-expression/5.3.27/spring-expression-5.3.27.jar:/Users/softmark/.m2/repository/org/springframework/boot/spring-boot-starter-data-jpa/2.7.12/spring-boot-starter-data-jpa-2.7.12.jar:/Users/softmark/.m2/repository/org/springframework/boot/spring-boot-starter-aop/2.7.12/spring-boot-starter-aop-2.7.12.jar:/Users/softmark/.m2/repository/org/aspectj/aspectjweaver/1.9.7/aspectjweaver-1.9.7.jar:/Users/softmark/.m2/repository/org/springframework/boot/spring-boot-starter-jdbc/2.7.12/spring-boot-starter-jdbc-2.7.12.jar:/Users/softmark/.m2/repository/com/zaxxer/HikariCP/4.0.3/HikariCP-4.0.3.jar:/Users/softmark/.m2/repository/org/springframework/spring-jdbc/5.3.27/spring-jdbc-5.3.27.jar:/Users/softmark/.m2/repository/jakarta/transaction/jakarta.transaction-api/1.3.3/jakarta.transaction-api-1.3.3.jar:/Users/softmark/.m2/repository/jakarta/persistence/jakarta.persistence-api/2.2.3/jakarta.persistence-api-2.2.3.jar:/Users/softmark/.m2/repository/org/hibernate/hibernate-core/5.6.15.Final/hibernate-core-5.6.15.Final.jar:/Users/softmark/.m2/repository/org/jboss/logging/jboss-logging/3.4.3.Final/jboss-logging-3.4.3.Final.jar:/Users/softmark/.m2/repository/net/bytebuddy/byte-buddy/1.12.23/byte-buddy-1.12.23.jar:/Users/softmark/.m2/repository/antlr/antlr/2.7.7/antlr-2.7.7.jar:/Users/softmark/.m2/repository/org/jboss/jandex/2.4.2.Final/jandex-2.4.2.Final.jar:/Users/softmark/.m2/repository/com/fasterxml/classmate/1.5.1/classmate-1.5.1.jar:/Users/softmark/.m2/repository/org/hibernate/common/hibernate-commons-annotations/5.1.2.Final/hibernate-commons-annotations-5.1.2.Final.jar:/Users/softmark/.m2/repository/org/glassfish/jaxb/jaxb-runtime/2.3.8/jaxb-runtime-2.3.8.jar:/Users/softmark/.m2/repository/jakarta/xml/bind/jakarta.xml.bind-api/2.3.3/jakarta.xml.bind-api-2.3.3.jar:/Users/softmark/.m2/repository/org/glassfish/jaxb/txw2/2.3.8/txw2-2.3.8.jar:/Users/softmark/.m2/repository/com/sun/istack/istack-commons-runtime/3.0.12/istack-commons-runtime-3.0.12.jar:/Users/softmark/.m2/repository/com/sun/activation/jakarta.activation/1.2.2/jakarta.activation-1.2.2.jar:/Users/softmark/.m2/repository/org/springframework/data/spring-data-jpa/2.7.12/spring-data-jpa-2.7.12.jar:/Users/softmark/.m2/repository/org/springframework/data/spring-data-commons/2.7.12/spring-data-commons-2.7.12.jar:/Users/softmark/.m2/repository/org/springframework/spring-orm/5.3.27/spring-orm-5.3.27.jar:/Users/softmark/.m2/repository/org/springframework/spring-tx/5.3.27/spring-tx-5.3.27.jar:/Users/softmark/.m2/repository/org/springframework/spring-aspects/5.3.27/spring-aspects-5.3.27.jar:/Users/softmark/.m2/repository/org/flywaydb/flyway-core/8.5.13/flyway-core-8.5.13.jar:/Users/softmark/.m2/repository/org/postgresql/postgresql/42.6.0/postgresql-42.6.0.jar:/Users/softmark/.m2/repository/org/checkerframework/checker-qual/3.31.0/checker-qual-3.31.0.jar:/Users/softmark/.m2/repository/org/springframework/boot/spring-boot-starter-websocket/2.7.12/spring-boot-starter-websocket-2.7.12.jar:/Users/softmark/.m2/repository/org/springframework/spring-messaging/5.3.27/spring-messaging-5.3.27.jar:/Users/softmark/.m2/repository/org/springframework/spring-websocket/5.3.27/spring-websocket-5.3.27.jar:/Users/softmark/.m2/repository/com/fasterxml/jackson/core/jackson-databind/2.15.3/jackson-databind-2.15.3.jar:/Users/softmark/.m2/repository/org/springframework/boot/spring-boot-starter-log4j2/2.7.12/spring-boot-starter-log4j2-2.7.12.jar:/Users/softmark/.m2/repository/org/apache/logging/log4j/log4j-core/2.17.2/log4j-core-2.17.2.jar:/Users/softmark/.m2/repository/org/apache/logging/log4j/log4j-jul/2.17.2/log4j-jul-2.17.2.jar:/Users/softmark/.m2/repository/org/slf4j/jul-to-slf4j/1.7.36/jul-to-slf4j-1.7.36.jar:/Users/softmark/.m2/repository/org/apache/logging/log4j/log4j-slf4j-impl/2.17.2/log4j-slf4j-impl-2.17.2.jar:/Users/softmark/.m2/repository/org/apache/logging/log4j/log4j-api/2.17.2/log4j-api-2.17.2.jar:"/>
    <property name="sun.cpu.endian" value="little"/>
    <property name="user.home" value="/Users/softmark"/>
    <property name="user.language" value="en"/>
    <property name="java.specification.vendor" value="Oracle Corporation"/>
    <property name="java.version.date" value="2023-08-24"/>
    <property name="java.home" value="/Library/Java/JavaVirtualMachines/zulu-11.jdk/Contents/Home"/>
    <property name="file.separator" value="/"/>
    <property name="basedir" value="/Users/softmark/Desktop/ripple/TrustXchange/backend"/>
    <property name="java.vm.compressedOopsMode" value="Zero based"/>
    <property name="line.separator" value="&#10;"/>
    <property name="java.specification.name" value="Java Platform API Specification"/>
    <property name="java.vm.specification.vendor" value="Oracle Corporation"/>
    <property name="jdk.vendor.version" value="Zulu11.66+19-CA"/>
    <property name="java.awt.graphicsenv" value="sun.awt.CGraphicsEnvironment"/>
    <property name="surefire.real.class.path" value="/Users/softmark/Desktop/ripple/TrustXchange/backend/target/surefire/surefirebooter-20250102034232019_3.jar"/>
    <property name="sun.management.compiler" value="HotSpot 64-Bit Tiered Compilers"/>
    <property name="ftp.nonProxyHosts" value="off|*.off|local|*.local|169.254/16|*.169.254/16|10.0/8|*.10.0/8|172.16/12|*.172.16/12|192.168/16|*.192.168/16"/>
    <property name="java.runtime.version" value="11.0.20.1+1-LTS"/>
    <property name="user.name" value="softmark"/>
    <property name="path.separator" value=":"/>
    <property name="os.version" value="15.1"/>
    <property name="java.runtime.name" value="OpenJDK Runtime Environment"/>
    <property name="file.encoding" value="UTF-8"/>
    <property name="java.vm.name" value="OpenJDK 64-Bit Server VM"/>
    <property name="java.vendor.version" value="Zulu11.66+19-CA"/>
    <property name="localRepository" value="/Users/softmark/.m2/repository"/>
    <property name="java.vendor.url.bug" value="http://www.azul.com/support/"/>
    <property name="java.io.tmpdir" value="/var/folders/mg/3n7rjswx267cl03xvdt8hdzc0000gp/T/"/>
    <property name="java.version" value="11.0.20.1"/>
    <property name="user.dir" value="/Users/softmark/Desktop/ripple/TrustXchange/backend"/>
    <property name="os.arch" value="aarch64"/>
    <property name="java.vm.specification.name" value="Java Virtual Machine Specification"/>
    <property name="java.awt.printerjob" value="sun.lwawt.macosx.CPrinterJob"/>
    <property name="sun.os.patch.level" value="unknown"/>
    <property name="java.library.path" value="/Users/softmark/Library/Java/Extensions:/Library/Java/Extensions:/Network/Library/Java/Extensions:/System/Library/Java/Extensions:/usr/lib/java:."/>
    <property name="java.vm.info" value="mixed mode"/>
    <property name="java.vendor" value="Azul Systems, Inc."/>
    <property name="java.vm.version" value="11.0.20.1+1-LTS"/>
    <property name="java.specification.maintenance.version" value="2"/>
    <property name="sun.io.unicode.encoding" value="UnicodeBig"/>
    <property name="java.class.version" value="55.0"/>
    <property name="socksNonProxyHosts" value="off|*.off|local|*.local|169.254/16|*.169.254/16|10.0/8|*.10.0/8|172.16/12|*.172.16/12|192.168/16|*.192.168/16"/>
  </properties>
  <testcase name="testApp" classname="com.trustXchange.AppTest" time="0.001"/>
</testsuite>